<?xml version="1.0" encoding="UTF-8"?>
<!-- Generated by org.testng.reporters.JUnitReportReporter -->
<testsuite skipped="1" hostname="DESKTOP-5OUP2NH" name="MoneyAppTests.MoneyAppTesting" tests="3" failures="0" timestamp="11 Jun 2019 18:30:37 GMT" time="5.519" errors="0">
  <testcase name="runCustomTransactionNameTestCases" time="2.913" classname="MoneyAppTests.MoneyAppTesting"/>
  <testcase name="runCustomTransactionNameTestCases" time="2.606" classname="MoneyAppTests.MoneyAppTesting"/>
  <testcase name="runLoginTestCases" classname="MoneyAppTests.MoneyAppTesting">
    <skipped/>
  </testcase> <!-- runLoginTestCases -->
</testsuite> <!-- MoneyAppTests.MoneyAppTesting -->
